
An unexpected exception has been detected in native code outside the VM.
Unexpected Signal : EXCEPTION_ACCESS_VIOLATION occurred at PC=0xB0E2861
Function=Java_Jni_PatchEditor_MidInName+0xA0A3
Library=D:\develop\JSmartController\build\smartcontroljava.dll

Current Java thread:
	at Jni.Connector.SetOutletNum(Native Method)
	at jsmartcontroller.BaseShellOutlet.performConnection(BaseShellOutlet.java:85)
	at ViewForms.Graphics.CObjectFollower.processMouseUp(CObjectFollower.java:240)
	at ViewForms.Graphics.CObjectFollower$1.mouseReleased(CObjectFollower.java:66)
	at java.awt.Component.processMouseEvent(Component.java:5093)
	at java.awt.Component.processEvent(Component.java:4890)
	at java.awt.Container.processEvent(Container.java:1566)
	at java.awt.Component.dispatchEventImpl(Component.java:3598)
	at java.awt.Container.dispatchEventImpl(Container.java:1623)
	at java.awt.Component.dispatchEvent(Component.java:3439)
	at java.awt.EventQueue.dispatchEvent(EventQueue.java:450)
	at java.awt.EventDispatchThread.pumpOneEventForHierarchy(EventDispatchThread.java:197)
	at java.awt.EventDispatchThread.pumpEventsForHierarchy(EventDispatchThread.java:150)
	at java.awt.EventDispatchThread.pumpEvents(EventDispatchThread.java:144)
	at java.awt.EventDispatchThread.pumpEvents(EventDispatchThread.java:136)
	at java.awt.EventDispatchThread.run(EventDispatchThread.java:99)

Dynamic libraries:
0x00400000 - 0x00406000 	C:\WINDOWS\system32\java.exe
0x77F50000 - 0x77FF7000 	C:\WINDOWS\System32\ntdll.dll
0x77E60000 - 0x77F46000 	C:\WINDOWS\system32\kernel32.dll
0x77DD0000 - 0x77E5D000 	C:\WINDOWS\system32\ADVAPI32.dll
0x78000000 - 0x78087000 	C:\WINDOWS\system32\RPCRT4.dll
0x77C10000 - 0x77C63000 	C:\WINDOWS\system32\MSVCRT.dll
0x6D330000 - 0x6D45A000 	C:\Program Files\Java\j2re1.4.1_01\bin\client\jvm.dll
0x77D40000 - 0x77DCC000 	C:\WINDOWS\system32\USER32.dll
0x7E090000 - 0x7E0D1000 	C:\WINDOWS\system32\GDI32.dll
0x76B40000 - 0x76B6C000 	C:\WINDOWS\system32\WINMM.dll
0x6D1D0000 - 0x6D1D7000 	C:\Program Files\Java\j2re1.4.1_01\bin\hpi.dll
0x6D300000 - 0x6D30D000 	C:\Program Files\Java\j2re1.4.1_01\bin\verify.dll
0x6D210000 - 0x6D229000 	C:\Program Files\Java\j2re1.4.1_01\bin\java.dll
0x6D320000 - 0x6D32D000 	C:\Program Files\Java\j2re1.4.1_01\bin\zip.dll
0x6D000000 - 0x6D0FB000 	C:\Program Files\Java\j2re1.4.1_01\bin\awt.dll
0x73000000 - 0x73023000 	C:\WINDOWS\system32\WINSPOOL.DRV
0x76390000 - 0x763AC000 	C:\WINDOWS\system32\IMM32.dll
0x771B0000 - 0x772D4000 	C:\WINDOWS\system32\ole32.dll
0x5AD70000 - 0x5ADA4000 	C:\WINDOWS\System32\uxtheme.dll
0x10000000 - 0x1011A000 	C:\WINDOWS\System32\nView.dll
0x70A70000 - 0x70AD5000 	C:\WINDOWS\system32\SHLWAPI.dll
0x773D0000 - 0x77BC2000 	C:\WINDOWS\system32\SHELL32.dll
0x76BF0000 - 0x76BFB000 	C:\WINDOWS\System32\PSAPI.DLL
0x77120000 - 0x771AB000 	C:\WINDOWS\system32\OLEAUT32.dll
0x77C00000 - 0x77C07000 	C:\WINDOWS\system32\VERSION.dll
0x71950000 - 0x71A34000 	C:\WINDOWS\WinSxS\x86_Microsoft.Windows.Common-Controls_6595b64144ccf1df_6.0.10.0_x-ww_f7fb5805\comctl32.dll
0x77340000 - 0x773CB000 	C:\WINDOWS\system32\comctl32.dll
0x74720000 - 0x74764000 	C:\WINDOWS\System32\MSCTF.dll
0x0AFB0000 - 0x0AFB8000 	C:\WINDOWS\System32\IKEYRFK8.DLL
0x6D180000 - 0x6D1D0000 	C:\Program Files\Java\j2re1.4.1_01\bin\fontmanager.dll
0x0B0D0000 - 0x0B0EF000 	D:\develop\JSmartController\build\smartcontroljava.dll
0x0B0F0000 - 0x0B141000 	D:\develop\JSmartController\build\smartcontrol.dll
0x51000000 - 0x51047000 	C:\WINDOWS\system32\ddraw.dll
0x73BC0000 - 0x73BC6000 	C:\WINDOWS\system32\DCIMAN32.dll
0x6D910000 - 0x6D981000 	C:\WINDOWS\system32\D3DIM.DLL
0x72D20000 - 0x72D29000 	C:\WINDOWS\system32\wdmaud.drv
0x72D10000 - 0x72D18000 	C:\WINDOWS\system32\msacm32.drv
0x77BE0000 - 0x77BF4000 	C:\WINDOWS\system32\MSACM32.dll
0x77BD0000 - 0x77BD7000 	C:\WINDOWS\system32\midimap.dll
0x0BB60000 - 0x0BB6D000 	C:\WINDOWS\system32\nvwddi.dll
0x605D0000 - 0x605D8000 	C:\WINDOWS\System32\mslbui.dll
0x0BBE0000 - 0x0BBED000 	C:\WINDOWS\System32\Amhooker.dll
0x71C20000 - 0x71C6E000 	C:\WINDOWS\system32\netapi32.dll
0x76670000 - 0x76757000 	C:\WINDOWS\system32\SETUPAPI.dll
0x75A70000 - 0x75B15000 	C:\WINDOWS\system32\USERENV.dll
0x75F40000 - 0x75F5F000 	C:\WINDOWS\system32\appHelp.dll
0x76990000 - 0x769B4000 	C:\WINDOWS\system32\ntshrui.dll
0x76B20000 - 0x76B35000 	C:\WINDOWS\system32\ATL.DLL
0x71B20000 - 0x71B31000 	C:\WINDOWS\system32\MPR.dll
0x75F60000 - 0x75F66000 	C:\WINDOWS\System32\drprov.dll
0x71C10000 - 0x71C1D000 	C:\WINDOWS\System32\ntlanman.dll
0x71CD0000 - 0x71CE6000 	C:\WINDOWS\System32\NETUI0.dll
0x71C90000 - 0x71CCC000 	C:\WINDOWS\System32\NETUI1.dll
0x71C80000 - 0x71C86000 	C:\WINDOWS\System32\NETRAP.dll
0x71BF0000 - 0x71C01000 	C:\WINDOWS\System32\SAMLIB.dll
0x75F70000 - 0x75F79000 	C:\WINDOWS\System32\davclnt.dll
0x7C890000 - 0x7C911000 	C:\WINDOWS\system32\CLBCATQ.DLL
0x77050000 - 0x77115000 	C:\WINDOWS\system32\COMRes.dll
0x76C90000 - 0x76CB2000 	C:\WINDOWS\system32\imagehlp.dll
0x6D510000 - 0x6D58D000 	C:\WINDOWS\system32\DBGHELP.dll

Local Time = Fri Apr 16 10:46:50 2004
Elapsed Time = 1225
#
# The exception above was detected in native code outside the VM
#
# Java VM: Java HotSpot(TM) Client VM (1.4.1_01-b01 mixed mode)
#
