
An unexpected exception has been detected in native code outside the VM.
Unexpected Signal : EXCEPTION_ACCESS_VIOLATION occurred at PC=0xAEA3542
Function=Java_Jni_PatchEditor_GetAnalogueValue+0xAAC8
Library=D:\develop\qslibs\smartcontroljava.dll

Current Java thread:
	at Jni.Patch.SetFileName(Native Method)
	at jsmartcontroller.PatchForm.Save(PatchForm.java:1076)
	at jsmartcontroller.PatchForm.SaveButton_actionPerformed(PatchForm.java:1107)
	at jsmartcontroller.PatchForm_SaveButton_actionAdapter.actionPerformed(PatchForm.java:53)
	at javax.swing.AbstractButton.fireActionPerformed(AbstractButton.java:1764)
	at javax.swing.AbstractButton$ForwardActionEvents.actionPerformed(AbstractButton.java:1817)
	at javax.swing.DefaultButtonModel.fireActionPerformed(DefaultButtonModel.java:419)
	at javax.swing.DefaultButtonModel.setPressed(DefaultButtonModel.java:257)
	at javax.swing.plaf.basic.BasicButtonListener.mouseReleased(BasicButtonListener.java:245)
	at java.awt.Component.processMouseEvent(Component.java:5093)
	at java.awt.Component.processEvent(Component.java:4890)
	at java.awt.Container.processEvent(Container.java:1566)
	at java.awt.Component.dispatchEventImpl(Component.java:3598)
	at java.awt.Container.dispatchEventImpl(Container.java:1623)
	at java.awt.Component.dispatchEvent(Component.java:3439)
	at java.awt.LightweightDispatcher.retargetMouseEvent(Container.java:3450)
	at java.awt.LightweightDispatcher.processMouseEvent(Container.java:3165)
	at java.awt.LightweightDispatcher.dispatchEvent(Container.java:3095)
	at java.awt.Container.dispatchEventImpl(Container.java:1609)
	at java.awt.Window.dispatchEventImpl(Window.java:1585)
	at java.awt.Component.dispatchEvent(Component.java:3439)
	at java.awt.EventQueue.dispatchEvent(EventQueue.java:450)
	at java.awt.EventDispatchThread.pumpOneEventForHierarchy(EventDispatchThread.java:197)
	at java.awt.EventDispatchThread.pumpEventsForHierarchy(EventDispatchThread.java:150)
	at java.awt.EventDispatchThread.pumpEvents(EventDispatchThread.java:144)
	at java.awt.EventDispatchThread.pumpEvents(EventDispatchThread.java:136)
	at java.awt.EventDispatchThread.run(EventDispatchThread.java:99)

Dynamic libraries:
0x00400000 - 0x00406000 	C:\WINDOWS\system32\java.exe
0x77F50000 - 0x77FF7000 	C:\WINDOWS\System32\ntdll.dll
0x77E60000 - 0x77F46000 	C:\WINDOWS\system32\kernel32.dll
0x77DD0000 - 0x77E5D000 	C:\WINDOWS\system32\ADVAPI32.dll
0x78000000 - 0x78087000 	C:\WINDOWS\system32\RPCRT4.dll
0x77C10000 - 0x77C63000 	C:\WINDOWS\system32\MSVCRT.dll
0x6D330000 - 0x6D45A000 	C:\Program Files\Java\j2re1.4.1_01\bin\client\jvm.dll
0x77D40000 - 0x77DCC000 	C:\WINDOWS\system32\USER32.dll
0x7E090000 - 0x7E0D1000 	C:\WINDOWS\system32\GDI32.dll
0x76B40000 - 0x76B6C000 	C:\WINDOWS\system32\WINMM.dll
0x6D1D0000 - 0x6D1D7000 	C:\Program Files\Java\j2re1.4.1_01\bin\hpi.dll
0x6D300000 - 0x6D30D000 	C:\Program Files\Java\j2re1.4.1_01\bin\verify.dll
0x6D210000 - 0x6D229000 	C:\Program Files\Java\j2re1.4.1_01\bin\java.dll
0x6D320000 - 0x6D32D000 	C:\Program Files\Java\j2re1.4.1_01\bin\zip.dll
0x6D000000 - 0x6D0FB000 	C:\Program Files\Java\j2re1.4.1_01\bin\awt.dll
0x73000000 - 0x73023000 	C:\WINDOWS\system32\WINSPOOL.DRV
0x76390000 - 0x763AC000 	C:\WINDOWS\system32\IMM32.dll
0x771B0000 - 0x772D4000 	C:\WINDOWS\system32\ole32.dll
0x5AD70000 - 0x5ADA4000 	C:\WINDOWS\System32\uxtheme.dll
0x74720000 - 0x74764000 	C:\WINDOWS\System32\MSCTF.dll
0x10000000 - 0x1011A000 	C:\WINDOWS\System32\nView.dll
0x70A70000 - 0x70AD5000 	C:\WINDOWS\system32\SHLWAPI.dll
0x773D0000 - 0x77BCA000 	C:\WINDOWS\system32\SHELL32.dll
0x76BF0000 - 0x76BFB000 	C:\WINDOWS\System32\PSAPI.DLL
0x77120000 - 0x771AB000 	C:\WINDOWS\system32\OLEAUT32.dll
0x77C00000 - 0x77C07000 	C:\WINDOWS\system32\VERSION.dll
0x71950000 - 0x71A34000 	C:\WINDOWS\WinSxS\x86_Microsoft.Windows.Common-Controls_6595b64144ccf1df_6.0.2600.1515_x-ww_7bb98b8a\comctl32.dll
0x77340000 - 0x773CB000 	C:\WINDOWS\system32\comctl32.dll
0x0AFA0000 - 0x0AFA8000 	C:\WINDOWS\System32\IKEYRFK8.DLL
0x6D180000 - 0x6D1D0000 	C:\Program Files\Java\j2re1.4.1_01\bin\fontmanager.dll
0x0AE90000 - 0x0AEB0000 	D:\develop\qslibs\smartcontroljava.dll
0x0B0C0000 - 0x0B117000 	d:\develop\qslibs\smartcontrol.dll
0x71AD0000 - 0x71AD8000 	C:\WINDOWS\system32\WSOCK32.dll
0x71AB0000 - 0x71AC4000 	C:\WINDOWS\system32\WS2_32.dll
0x71AA0000 - 0x71AA8000 	C:\WINDOWS\system32\WS2HELP.dll
0x71A50000 - 0x71A8B000 	C:\WINDOWS\System32\mswsock.dll
0x76F20000 - 0x76F45000 	C:\WINDOWS\system32\DNSAPI.dll
0x76D60000 - 0x76D76000 	C:\WINDOWS\system32\iphlpapi.dll
0x76FB0000 - 0x76FB7000 	C:\WINDOWS\System32\winrnr.dll
0x76F60000 - 0x76F8C000 	C:\WINDOWS\system32\WLDAP32.dll
0x78980000 - 0x7898F000 	C:\WINDOWS\system32\pnrpnsp.dll
0x76FC0000 - 0x76FC5000 	C:\WINDOWS\system32\rasadhlp.dll
0x71A90000 - 0x71A98000 	C:\WINDOWS\System32\wshtcpip.dll
0x51000000 - 0x51049000 	C:\WINDOWS\system32\ddraw.dll
0x73BC0000 - 0x73BC6000 	C:\WINDOWS\system32\DCIMAN32.dll
0x6D910000 - 0x6D981000 	C:\WINDOWS\system32\D3DIM.DLL
0x72D20000 - 0x72D29000 	C:\WINDOWS\system32\wdmaud.drv
0x72D10000 - 0x72D18000 	C:\WINDOWS\system32\msacm32.drv
0x77BE0000 - 0x77BF4000 	C:\WINDOWS\system32\MSACM32.dll
0x77BD0000 - 0x77BD7000 	C:\WINDOWS\system32\midimap.dll
0x6D2D0000 - 0x6D2DE000 	C:\Program Files\Java\j2re1.4.1_01\bin\net.dll
0x0C1B0000 - 0x0C1BD000 	C:\WINDOWS\system32\nvwddi.dll
0x605D0000 - 0x605D8000 	C:\WINDOWS\System32\mslbui.dll
0x0C220000 - 0x0C229000 	C:\Program Files\KMaestro\HidKeybd.dll
0x688F0000 - 0x688F9000 	C:\WINDOWS\System32\HID.DLL
0x76670000 - 0x76757000 	C:\WINDOWS\System32\SETUPAPI.dll
0x71C20000 - 0x71C6E000 	C:\WINDOWS\system32\netapi32.dll
0x75A70000 - 0x75B15000 	C:\WINDOWS\system32\USERENV.dll
0x76990000 - 0x769B4000 	C:\WINDOWS\system32\ntshrui.dll
0x5F3E0000 - 0x5F3F5000 	C:\WINDOWS\system32\ATL.DLL
0x75F40000 - 0x75F5F000 	C:\WINDOWS\system32\appHelp.dll
0x71B20000 - 0x71B31000 	C:\WINDOWS\system32\MPR.dll
0x75F60000 - 0x75F66000 	C:\WINDOWS\System32\drprov.dll
0x71C10000 - 0x71C1D000 	C:\WINDOWS\System32\ntlanman.dll
0x71CD0000 - 0x71CE6000 	C:\WINDOWS\System32\NETUI0.dll
0x71C90000 - 0x71CCC000 	C:\WINDOWS\System32\NETUI1.dll
0x71C80000 - 0x71C86000 	C:\WINDOWS\System32\NETRAP.dll
0x71BF0000 - 0x71C01000 	C:\WINDOWS\System32\SAMLIB.dll
0x75F70000 - 0x75F79000 	C:\WINDOWS\System32\davclnt.dll
0x7C890000 - 0x7C911000 	C:\WINDOWS\system32\CLBCATQ.DLL
0x77050000 - 0x77115000 	C:\WINDOWS\system32\COMRes.dll
0x76C90000 - 0x76CB2000 	C:\WINDOWS\system32\imagehlp.dll
0x6D510000 - 0x6D58D000 	C:\WINDOWS\system32\DBGHELP.dll

Local Time = Mon Dec 06 19:54:12 2004
Elapsed Time = 336
#
# The exception above was detected in native code outside the VM
#
# Java VM: Java HotSpot(TM) Client VM (1.4.1_01-b01 mixed mode)
#
